<?xml version="1.0" encoding="UTF-8"?>
<!-- Generated by org.testng.reporters.JUnitReportReporter -->
<testsuite hostname="DESKTOP-SV05B4K" failures="0" tests="1" name="positiveflow.ExportSearchhistoryValidation" time="13.312" errors="0" timestamp="2025-01-09T10:33:38 IST" skipped="0">
  <testcase classname="positiveflow.ExportSearchhistoryValidation" name="Exportfilter" time="13.312"/>
  <system-out/>
</testsuite> <!-- positiveflow.ExportSearchhistoryValidation -->
