<?xml version="1.0" encoding="UTF-8"?>
<!-- Generated by org.testng.reporters.JUnitReportReporter -->
<testsuite hostname="DESKTOP-SV05B4K" failures="0" tests="4" name="positiveflow.LoginPageValidation" time="47.048" errors="0" timestamp="2025-02-17T14:36:19 IST" skipped="0">
  <testcase classname="positiveflow.LoginPageValidation" name="newUserForRegistration" time="15.024"/>
  <system-out/>
  <testcase classname="positiveflow.LoginPageValidation" name="docmanagerlogin" time="12.936"/>
  <system-out/>
  <testcase classname="positiveflow.LoginPageValidation" name="loginInValidusernmae" time="9.565"/>
  <system-out/>
  <testcase classname="positiveflow.LoginPageValidation" name="logInValidusername" time="9.523"/>
  <system-out/>
</testsuite> <!-- positiveflow.LoginPageValidation -->
